<?xml version="1.0" encoding="UTF-8"?>
<!-- Generated by org.testng.reporters.JUnitReportReporter -->
<testsuite hostname="DESKTOP-R5FUEAI" failures="0" tests="1" name="PageTest.AddCustomerTest" time="42.197" errors="0" timestamp="2023-01-04T20:39:54 CST" skipped="0">
  <testcase classname="PageTest.AddCustomerTest" name="userShouldBeAbleToAddCustomer" time="42.197"/>
  <system-out/>
</testsuite> <!-- PageTest.AddCustomerTest -->
